android/app/build/outputs/mapping/release/seeds.txt
com.example.brute_connect.MainActivity
com.example.brute_connect.MainActivity: MainActivity()
...
io.flutter.embedding.engine.renderer.FlutterRenderer$ImageReaderSurfaceProducer: android.media.Image acquireLatestImage()
io.flutter.embedding.engine.FlutterJNI: void updateDisplayMetrics(int,float,float,float)
androidx.profileinstaller.ProfileInstallReceiver: ProfileInstallReceiver()
io.flutter.embedding.android.FlutterTextureView: io.flutter.embedding.engine.renderer.FlutterRenderer getAttachedRenderer()
io.flutter.embedding.engine.renderer.FlutterRenderer$ImageTextureRegistryEntry: void pushImage(android.media.Image)
io.flutter.view.AccessibilityBridge$Flag: io.flutter.view.AccessibilityBridge$Flag[] values()
io.flutter.embedding.engine.systemchannels.TextInputChannel$TextInputType: io.flutter.embedding.engine.systemchannels.TextInputChannel$TextInputType[] values()
androidx.lifecycle.ReportFragment$LifecycleCallbacks: void onActivityPostCreated(android.app.Activity,android.os.Bundle)
androidx.core.view.WindowInsetsCompat$BuilderImpl: void setSystemWindowInsets(androidx.core.graphics.Insets)
io.flutter.plugins.GeneratedPluginRegistrant: GeneratedPluginRegistrant()
io.flutter.embedding.engine.FlutterJNI: void setPlatformViewsController(io.flutter.plugin.platform.PlatformViewsController)
io.flutter.embedding.engine.FlutterJNI: void nativeSurfaceChanged(long,int,int)
io.flutter.embedding.engine.systemchannels.LifecycleChannel$AppLifecycleState: io.flutter.embedding.engine.systemchannels.LifecycleChannel$AppLifecycleState valueOf(java.lang.String)
androidx.core.view.WindowInsetsCompat$Impl: androidx.core.view.WindowInsetsCompat consumeDisplayCutout()
androidx.core.view.ViewCompat$Api21Impl: boolean dispatchNestedPreFling(android.view.View,float,float)
androidx.core.view.DisplayCutoutCompat$Api28Impl: java.util.List getBoundingRects(android.view.DisplayCutout)
io.flutter.embedding.engine.FlutterJNI: void registerTexture(long,io.flutter.embedding.engine.renderer.SurfaceTextureWrapper)
io.flutter.embedding.engine.FlutterJNI: io.flutter.embedding.engine.FlutterOverlaySurface createOverlaySurface()
io.flutter.embedding.engine.FlutterJNI: boolean nativeFlutterTextUtilsIsRegionalIndicator(int)
androidx.core.view.ViewCompat$Api28Impl: java.lang.Object requireViewById(android.view.View,int)
io.flutter.embedding.engine.FlutterJNI: void addEngineLifecycleListener(io.flutter.embedding.engine.FlutterEngine$EngineLifecycleListener)
androidx.lifecycle.ReportFragment$LifecycleCallbacks: void onActivityResumed(android.app.Activity)
io.flutter.embedding.engine.systemchannels.LifecycleChannel$AppLifecycleState: io.flutter.embedding.engine.systemchannels.LifecycleChannel$AppLifecycleState[] values()
io.flutter.view.AccessibilityBridge$Flag: io.flutter.view.AccessibilityBridge$Flag valueOf(java.lang.String)
io.flutter.embedding.android.FlutterView: void setVisibility(int)
androidx.profileinstaller.ProfileInstallerInitializer$Choreographer16Impl: void postFrameCallback(java.lang.Runnable)
io.flutter.plugin.platform.PlatformViewWrapper: void setOnDescendantFocusChangeListener(android.view.View$OnFocusChangeListener)
io.flutter.embedding.engine.renderer.FlutterRenderer$ImageReaderSurfaceProducer: int numImages()
io.flutter.embedding.engine.renderer.FlutterRenderer$DisplayFeatureType: io.flutter.embedding.engine.renderer.FlutterRenderer$DisplayFeatureType[] values()
androidx.core.view.ViewCompat$Api23Impl: androidx.core.view.WindowInsetsCompat getRootWindowInsets(android.view.View)
io.flutter.embedding.android.TransparencyMode: io.flutter.embedding.android.TransparencyMode[] values()
androidx.core.view.WindowInsetsCompat$Impl29: WindowInsetsCompat$Impl29(androidx.core.view.WindowInsetsCompat,android.view.WindowInsets)
androidx.core.graphics.drawable.IconCompat: IconCompat()
io.flutter.plugin.platform.PlatformViewWrapper: android.view.ViewTreeObserver$OnGlobalFocusChangeListener getActiveFocusListener()
androidx.core.view.WindowInsetsCompat$BuilderImpl: WindowInsetsCompat$BuilderImpl()