android/app/build/outputs/mapping/release/mapping.txt
# compiler: R8
# compiler_version: 8.5.35
# min_api: 21
# common_typos_disable
# {"id":"com.android.tools.r8.mapping","version":"2.2"}
# pg_map_id: cb97b46
# pg_map_hash: SHA-256 cb97b4631ae32273a8b14953375ecd22408cd8c4a951ac4d4b7fb64dbbfbf6b4
com.example.brute_connect.MDNSService -> B.f:
# {"id":"sourceFile","fileName":"MDNSService.java"}
    android.net.nsd.NsdManager nsdManager -> a
    android.net.nsd.NsdManager$RegistrationListener registrationListener -> b
      # {"id":"com.android.tools.r8.residualsignature","signature":"LB/b;"}
    android.net.nsd.NsdManager$DiscoveryListener discoveryListener -> c
      # {"id":"com.android.tools.r8.residualsignature","signature":"LB/c;"}
    com.example.brute_connect.MDNSService$DeviceDiscoveryListener deviceDiscoveryListener -> d
      # {"id":"com.android.tools.r8.residualsignature","signature":"LB/e;"}
    android.os.Handler mainHandler -> e
    java.lang.String serviceName -> f
    java.lang.String ownIP -> g
    boolean isRegistered -> h
    boolean isDiscovering -> i
    java.util.Map discoveredDevicesByIp -> j
      # {"id":"com.android.tools.r8.residualsignature","signature":"Ljava/util/HashMap;"}
    int localPort -> k
    1:44:void <init>(android.content.Context,com.example.brute_connect.MDNSService$DeviceDiscoveryListener):0:0 -> <init>
      # {"id":"com.android.tools.r8.residualsignature","signature":"(Landroid/content/Context;LB/e;)V"}
    1:80:void stopDiscovery():0:0 -> a
    4:39:void stopBroadcast():0:0 -> b
    4:39:void stopService():0 -> b
com.example.brute_connect.MDNSService$$ExternalSyntheticLambda0 -> B.a:
# {"id":"sourceFile","fileName":"R8$$SyntheticClass"}
# {"id":"com.android.tools.r8.synthesized"}
    int B.MDNSService$$ExternalSyntheticLambda0.$r8$classId -> b
      # {"id":"com.android.tools.r8.synthesized"}
    java.util.List com.example.brute_connect.MDNSService$$InternalSyntheticLambda$4$6d3c498093de863572215e70effdbbef8d1ba5ed676d4ac2c1f11c51912dba5f$0.f$1 -> c
      # {"id":"com.android.tools.r8.residualsignature","signature":"Ljava/lang/Object;"}
      # {"id":"com.android.tools.r8.synthesized"}
    com.example.brute_connect.MDNSService com.example.brute_connect.MDNSService$$InternalSyntheticLambda$4$6d3c498093de863572215e70effdbbef8d1ba5ed676d4ac2c1f11c51912dba5f$0.f$0 -> d
      # {"id":"com.android.tools.r8.residualsignature","signature":"Ljava/lang/Object;"}
      # {"id":"com.android.tools.r8.synthesized"}
    1:1:void B.MDNSService$$ExternalSyntheticLambda0.<init>(int,java.lang.Object,java.lang.Object):0:0 -> <init>
      # {"id":"com.android.tools.r8.synthesized"}
    6:29:void androidx.window.layout.adapter.sidecar.SidecarWindowBackend$WindowLayoutChangeCallbackWrapper.accept$lambda$0(androidx.window.layout.adapter.sidecar.SidecarWindowBackend$WindowLayoutChangeCallbackWrapper,androidx.window.layout.WindowLayoutInfo):0:0 -> run
    6:29:void B.MDNSService$$ExternalSyntheticLambda0.run():0 -> run
      # {"id":"com.android.tools.r8.synthesized"}
com.example.brute_connect.MDNSService$1 -> B.b:
# {"id":"sourceFile","fileName":"MDNSService.java"}
    com.example.brute_connect.MDNSService this$0 -> a
      # {"id":"com.android.tools.r8.residualsignature","signature":"LB/f;"}
    1:6:void <init>(com.example.brute_connect.MDNSService):0:0 -> <init>
      # {"id":"com.android.tools.r8.residualsignature","signature":"(LB/f;)V"}
    1:25:void onRegistrationFailed(android.net.nsd.NsdServiceInfo,int):0:0 -> onRegistrationFailed
    1:33:void onServiceRegistered(android.net.nsd.NsdServiceInfo):0:0 -> onServiceRegistered
    1:27:void onServiceUnregistered(android.net.nsd.NsdServiceInfo):0:0 -> onServiceUnregistered
    1:20:void onUnregistrationFailed(android.net.nsd.NsdServiceInfo,int):0:0 -> onUnregistrationFailed
...
io.flutter.embedding.android.KeyEmbedderResponder -> E.H:
# {"id":"sourceFile","fileName":"KeyEmbedderResponder.java"}
    io.flutter.plugin.common.BinaryMessenger messenger -> b
      # {"id":"com.android.tools.r8.residualsignature","signature":"LM/e;"}
    java.util.HashMap pressingRecords -> c
    java.util.HashMap togglingGoals -> d
    io.flutter.embedding.android.KeyboardManager$CharacterCombiner characterCombiner -> e
      # {"id":"com.android.tools.r8.residualsignature","signature":"LE/I;"}
    30:31:io.flutter.embedding.android.KeyboardMap$TogglingGoal[] io.flutter.embedding.android.KeyboardMap.getTogglingGoals():0:0 -> <init>
    30:31:void <init>(io.flutter.plugin.common.BinaryMessenger):0 -> <init>
      # {"id":"com.android.tools.r8.residualsignature","signature":"(LM/e;)V"}
    32:37:void io.flutter.embedding.android.KeyboardMap$TogglingGoal.<init>(int,long,long):0:0 -> <init>
    32:37:io.flutter.embedding.android.KeyboardMap$TogglingGoal[] io.flutter.embedding.android.KeyboardMap.getTogglingGoals():0 -> <init>
    32:37:void <init>(io.flutter.plugin.common.BinaryMessenger):0 -> <init>
    38:41:io.flutter.embedding.android.KeyboardMap$TogglingGoal[] io.flutter.embedding.android.KeyboardMap.getTogglingGoals():0:0 -> <init>
    38:41:void <init>(io.flutter.plugin.common.BinaryMessenger):0 -> <init>
    42:59:void <init>(io.flutter.plugin.common.BinaryMessenger):0:0 -> <init>
io.flutter.embedding.android.KeyEmbedderResponder$$ExternalSyntheticLambda0 -> E.E:
# {"id":"sourceFile","fileName":"R8$$SyntheticClass"}
# {"id":"com.android.tools.r8.synthesized"}
    io.flutter.embedding.android.KeyboardManager$Responder$OnKeyEventHandledCallback io.flutter.embedding.android.KeyEmbedderResponder$$InternalSyntheticLambda$1$265716d16c652ad9ab8e289a4c23674d989b0b894bebac659e8b8adbfdcc6235$0.f$0 -> a
      # {"id":"com.android.tools.r8.residualsignature","signature":"LE/J;"}
      # {"id":"com.android.tools.r8.synthesized"}
    1:1:void E.KeyEmbedderResponder$$ExternalSyntheticLambda0.<init>(E.KeyboardManager$PerEventCallbackBuilder$Callback):0:0 -> <init>
      # {"id":"com.android.tools.r8.synthesized"}
      # {"id":"com.android.tools.r8.residualsignature","signature":"(LE/J;)V"}
    1:27:void io.flutter.embedding.android.KeyEmbedderResponder.lambda$sendKeyEvent$2(io.flutter.embedding.android.KeyboardManager$Responder$OnKeyEventHandledCallback,java.nio.ByteBuffer):0:0 -> a
      # {"id":"com.android.tools.r8.residualsignature","signature":"(Ljava/nio/ByteBuffer;)V"}
    28:34:void io.flutter.Log.w(java.lang.String,java.lang.String):0:0 -> a
    28:34:void io.flutter.embedding.android.KeyEmbedderResponder.lambda$sendKeyEvent$2(io.flutter.embedding.android.KeyboardManager$Responder$OnKeyEventHandledCallback,java.nio.ByteBuffer):0 -> a